# JRE version: OpenJDK Runtime Environment (8.0_112-b16) (build 1.8.0_112-release-736-b16)
# Java VM: OpenJDK 64-Bit Server VM (25.112-b16 mixed mode linux-amd64 compressed oops)
Heap:
 par new generation   total 39296K, used 15274K [0x00000000d1200000, 0x00000000d3ca0000, 0x00000000db860000)
  eden space 34944K,  31% used [0x00000000d1200000, 0x00000000d1cab4e0, 0x00000000d3420000)
  from space 4352K,  99% used [0x00000000d3420000, 0x00000000d385f4b0, 0x00000000d3860000)
  to   space 4352K,   0% used [0x00000000d3860000, 0x00000000d3860000, 0x00000000d3ca0000)
 concurrent mark-sweep generation total 188088K, used 107007K [0x00000000db860000, 0x00000000e700e000, 0x0000000100000000)
 Metaspace       used 149211K, capacity 158186K, committed 158364K, reserved 1185792K
  class space    used 20531K, capacity 22382K, committed 22492K, reserved 1048576K
GC Heap History (10 events):
Event: 342,157 GC heap before
{Heap before GC invocations=67 (full 14):
 par new generation   total 39296K, used 38643K [0x00000000d1200000, 0x00000000d3ca0000, 0x00000000db860000)
  eden space 34944K, 100% used [0x00000000d1200000, 0x00000000d3420000, 0x00000000d3420000)
  from space 4352K,  85% used [0x00000000d3860000, 0x00000000d3bfce28, 0x00000000d3ca0000)
  to   space 4352K,   0% used [0x00000000d3420000, 0x00000000d3420000, 0x00000000d3860000)
 concurrent mark-sweep generation total 188088K, used 109877K [0x00000000db860000, 0x00000000e700e000, 0x0000000100000000)
 Metaspace       used 148332K, capacity 157000K, committed 157084K, reserved 1183744K
  class space    used 20425K, capacity 22229K, committed 22236K, reserved 1048576K
Event: 342,162 GC heap after
Heap after GC invocations=68 (full 14):
 par new generation   total 39296K, used 1978K [0x00000000d1200000, 0x00000000d3ca0000, 0x00000000db860000)
  eden space 34944K,   0% used [0x00000000d1200000, 0x00000000d1200000, 0x00000000d3420000)
  from space 4352K,  45% used [0x00000000d3420000, 0x00000000d360ea28, 0x00000000d3860000)
  to   space 4352K,   0% used [0x00000000d3860000, 0x00000000d3860000, 0x00000000d3ca0000)
 concurrent mark-sweep generation total 188088K, used 109877K [0x00000000db860000, 0x00000000e700e000, 0x0000000100000000)
 Metaspace       used 148332K, capacity 157000K, committed 157084K, reserved 1183744K
  class space    used 20425K, capacity 22229K, committed 22236K, reserved 1048576K
}
Event: 342,729 GC heap before
{Heap before GC invocations=68 (full 14):
 par new generation   total 39296K, used 36922K [0x00000000d1200000, 0x00000000d3ca0000, 0x00000000db860000)
  eden space 34944K, 100% used [0x00000000d1200000, 0x00000000d3420000, 0x00000000d3420000)
  from space 4352K,  45% used [0x00000000d3420000, 0x00000000d360ea28, 0x00000000d3860000)
  to   space 4352K,   0% used [0x00000000d3860000, 0x00000000d3860000, 0x00000000d3ca0000)
 concurrent mark-sweep generation total 188088K, used 109877K [0x00000000db860000, 0x00000000e700e000, 0x0000000100000000)
 Metaspace       used 148551K, capacity 157336K, committed 157468K, reserved 1183744K
  class space    used 20455K, capacity 22285K, committed 22364K, reserved 1048576K
Event: 342,768 GC heap after
Heap after GC invocations=69 (full 14):
 par new generation   total 39296K, used 4352K [0x00000000d1200000, 0x00000000d3ca0000, 0x00000000db860000)
  eden space 34944K,   0% used [0x00000000d1200000, 0x00000000d1200000, 0x00000000d3420000)
  from space 4352K, 100% used [0x00000000d3860000, 0x00000000d3ca0000, 0x00000000d3ca0000)
  to   space 4352K,   0% used [0x00000000d3420000, 0x00000000d3420000, 0x00000000d3860000)
 concurrent mark-sweep generation total 188088K, used 118699K [0x00000000db860000, 0x00000000e700e000, 0x0000000100000000)
 Metaspace       used 148551K, capacity 157336K, committed 157468K, reserved 1183744K
  class space    used 20455K, capacity 22285K, committed 22364K, reserved 1048576K
}
Event: 383,514 GC heap before
{Heap before GC invocations=69 (full 14):
 par new generation   total 39296K, used 39296K [0x00000000d1200000, 0x00000000d3ca0000, 0x00000000db860000)
  eden space 34944K, 100% used [0x00000000d1200000, 0x00000000d3420000, 0x00000000d3420000)
  from space 4352K, 100% used [0x00000000d3860000, 0x00000000d3ca0000, 0x00000000d3ca0000)
  to   space 4352K,   0% used [0x00000000d3420000, 0x00000000d3420000, 0x00000000d3860000)
 concurrent mark-sweep generation total 188088K, used 118699K [0x00000000db860000, 0x00000000e700e000, 0x0000000100000000)
 Metaspace       used 148659K, capacity 157540K, committed 157724K, reserved 1185792K
  class space    used 20467K, capacity 22307K, committed 22364K, reserved 1048576K
Event: 383,566 GC heap after
Heap after GC invocations=70 (full 14):
 par new generation   total 39296K, used 4352K [0x00000000d1200000, 0x00000000d3ca0000, 0x00000000db860000)
  eden space 34944K,   0% used [0x00000000d1200000, 0x00000000d1200000, 0x00000000d3420000)
  from space 4352K, 100% used [0x00000000d3420000, 0x00000000d3860000, 0x00000000d3860000)
  to   space 4352K,   0% used [0x00000000d3860000, 0x00000000d3860000, 0x00000000d3ca0000)
 concurrent mark-sweep generation total 188088K, used 131828K [0x00000000db860000, 0x00000000e700e000, 0x0000000100000000)
 Metaspace       used 148659K, capacity 157540K, committed 157724K, reserved 1185792K
  class space    used 20467K, capacity 22307K, committed 22364K, reserved 1048576K
}
Event: 387,168 GC heap before
{Heap before GC invocations=70 (full 14):
 par new generation   total 39296K, used 39296K [0x00000000d1200000, 0x00000000d3ca0000, 0x00000000db860000)
  eden space 34944K, 100% used [0x00000000d1200000, 0x00000000d3420000, 0x00000000d3420000)
  from space 4352K, 100% used [0x00000000d3420000, 0x00000000d3860000, 0x00000000d3860000)
  to   space 4352K,   0% used [0x00000000d3860000, 0x00000000d3860000, 0x00000000d3ca0000)
 concurrent mark-sweep generation total 188088K, used 131828K [0x00000000db860000, 0x00000000e700e000, 0x0000000100000000)
 Metaspace       used 148902K, capacity 157810K, committed 157980K, reserved 1185792K
  class space    used 20494K, capacity 22346K, committed 22364K, reserved 1048576K
Event: 387,250 GC heap after
Heap after GC invocations=71 (full 14):
 par new generation   total 39296K, used 4352K [0x00000000d1200000, 0x00000000d3ca0000, 0x00000000db860000)
  eden space 34944K,   0% used [0x00000000d1200000, 0x00000000d1200000, 0x00000000d3420000)
  from space 4352K, 100% used [0x00000000d3860000, 0x00000000d3ca0000, 0x00000000d3ca0000)
  to   space 4352K,   0% used [0x00000000d3420000, 0x00000000d3420000, 0x00000000d3860000)
 concurrent mark-sweep generation total 188088K, used 157912K [0x00000000db860000, 0x00000000e700e000, 0x0000000100000000)
 Metaspace       used 148902K, capacity 157810K, committed 157980K, reserved 1185792K
  class space    used 20494K, capacity 22346K, committed 22364K, reserved 1048576K
}
Event: 387,571 GC heap before
{Heap before GC invocations=71 (full 15):
 par new generation   total 39296K, used 39296K [0x00000000d1200000, 0x00000000d3ca0000, 0x00000000db860000)
  eden space 34944K, 100% used [0x00000000d1200000, 0x00000000d3420000, 0x00000000d3420000)
  from space 4352K, 100% used [0x00000000d3860000, 0x00000000d3ca0000, 0x00000000d3ca0000)
  to   space 4352K,   0% used [0x00000000d3420000, 0x00000000d3420000, 0x00000000d3860000)
 concurrent mark-sweep generation total 188088K, used 157912K [0x00000000db860000, 0x00000000e700e000, 0x0000000100000000)
 Metaspace       used 148943K, capacity 157860K, committed 157980K, reserved 1185792K
  class space    used 20499K, capacity 22355K, committed 22364K, reserved 1048576K
Event: 387,598 GC heap after
Heap after GC invocations=72 (full 15):
 par new generation   total 39296K, used 4349K [0x00000000d1200000, 0x00000000d3ca0000, 0x00000000db860000)
  eden space 34944K,   0% used [0x00000000d1200000, 0x00000000d1200000, 0x00000000d3420000)
  from space 4352K,  99% used [0x00000000d3420000, 0x00000000d385f4b0, 0x00000000d3860000)
  to   space 4352K,   0% used [0x00000000d3860000, 0x00000000d3860000, 0x00000000d3ca0000)
 concurrent mark-sweep generation total 188088K, used 163734K [0x00000000db860000, 0x00000000e700e000, 0x0000000100000000)
 Metaspace       used 148943K, capacity 157860K, committed 157980K, reserved 1185792K
  class space    used 20499K, capacity 22355K, committed 22364K, reserved 1048576K
}

